f:\opengl\myopengl\myopengl\debug\vc142.pdb
f:\opengl\myopengl\myopengl\debug\vc142.idb
f:\opengl\myopengl\myopengl\debug\shader.obj
f:\opengl\myopengl\myopengl\debug\mesh.obj
f:\opengl\myopengl\myopengl\debug\material.obj
f:\opengl\myopengl\myopengl\debug\main.obj
f:\opengl\myopengl\myopengl\debug\lightspot.obj
f:\opengl\myopengl\myopengl\debug\lightpoint.obj
f:\opengl\myopengl\myopengl\debug\directionallight.obj
f:\opengl\myopengl\myopengl\debug\camera.obj
f:\opengl\myopengl\myopengl\debug\particle.obj
f:\opengl\myopengl\debug\myopengl.ilk
f:\opengl\myopengl\debug\myopengl.exe
f:\opengl\myopengl\debug\myopengl.pdb
f:\opengl\myopengl\myopengl\debug\model.obj
f:\opengl\myopengl\myopengl\debug\myopengl.tlog\cl.command.1.tlog
f:\opengl\myopengl\myopengl\debug\myopengl.tlog\cl.read.1.tlog
f:\opengl\myopengl\myopengl\debug\myopengl.tlog\cl.write.1.tlog
f:\opengl\myopengl\myopengl\debug\myopengl.tlog\link.command.1.tlog
f:\opengl\myopengl\myopengl\debug\myopengl.tlog\link.read.1.tlog
f:\opengl\myopengl\myopengl\debug\myopengl.tlog\link.write.1.tlog
